#
# There is insufficient memory for the Java Runtime Environment to continue.
# Native memory allocation (malloc) failed to allocate 8192 bytes for AllocateHeap
# Possible reasons:
#   The system is out of physical RAM or swap space
#   In 32 bit mode, the process size limit was hit
# Possible solutions:
#   Reduce memory load on the system
#   Increase physical memory or swap space
#   Check if swap backing store is full
#   Use 64 bit Java on a 64 bit OS
#   Decrease Java heap size (-Xmx/-Xms)
#   Decrease number of Java threads
#   Decrease Java thread stack sizes (-Xss)
#   Set larger code cache with -XX:ReservedCodeCacheSize=
# This output file may be truncated or incomplete.
#
#  Out of Memory Error (memory/allocation.inline.hpp:61), pid=5256, tid=0x00000000000018b4
#
# JRE version:  (8.0_144-b01) (build )
# Java VM: Java HotSpot(TM) 64-Bit Server VM (25.144-b01 mixed mode windows-amd64 compressed oops)
# Failed to write core dump. Minidumps are not enabled by default on client versions of Windows
#

---------------  T H R E A D  ---------------

Current thread (0x0000000002310800):  JavaThread "Unknown thread" [_thread_in_vm, id=6324, stack(0x0000000002210000,0x0000000002310000)]

Stack: [0x0000000002210000,0x0000000002310000]
[error occurred during error reporting (printing stack bounds), id 0xc0000005]

Native frames: (J=compiled Java code, j=interpreted, Vv=VM code, C=native code)


---------------  P R O C E S S  ---------------

Java Threads: ( => current thread )

Other Threads:

=>0x0000000002310800 (exited) JavaThread "Unknown thread" [_thread_in_vm, id=6324, stack(0x0000000002210000,0x0000000002310000)]

VM state:not at safepoint (not fully initialized)

VM Mutex/Monitor currently owned by a thread:  ([mutex/lock_event])
[0x00000000020eba70] SymbolTable_lock - owner thread: 0x0000000002310800

GC Heap History (0 events):
No events

Deoptimization events (0 events):
No events

Internal exceptions (0 events):
No events

Events (0 events):
No events


Dynamic libraries:
0x00007ff642d70000 - 0x00007ff642da7000 	C:\Program Files\Java\jre1.8.0_144\bin\javaw.exe
0x00007ff89c470000 - 0x00007ff89c64b000 	C:\WINDOWS\SYSTEM32\ntdll.dll
0x00007ff89a190000 - 0x00007ff89a23e000 	C:\WINDOWS\System32\KERNEL32.DLL
0x00007ff899420000 - 0x00007ff899669000 	C:\WINDOWS\System32\KERNELBASE.dll
0x00007ff89a3c0000 - 0x00007ff89a461000 	C:\WINDOWS\System32\ADVAPI32.dll
0x00007ff899c00000 - 0x00007ff899c9d000 	C:\WINDOWS\System32\msvcrt.dll
0x00007ff899ec0000 - 0x00007ff899f19000 	C:\WINDOWS\System32\sechost.dll
0x00007ff89c2a0000 - 0x00007ff89c3c5000 	C:\WINDOWS\System32\RPCRT4.dll
0x00007ff8999d0000 - 0x00007ff899b1a000 	C:\WINDOWS\System32\USER32.dll
0x00007ff899840000 - 0x00007ff89985e000 	C:\WINDOWS\System32\win32u.dll
0x00007ff899bd0000 - 0x00007ff899bf7000 	C:\WINDOWS\System32\GDI32.dll
0x00007ff8991f0000 - 0x00007ff899377000 	C:\WINDOWS\System32\gdi32full.dll
0x00007ff899380000 - 0x00007ff89941a000 	C:\WINDOWS\System32\msvcp_win.dll
0x00007ff899860000 - 0x00007ff899956000 	C:\WINDOWS\System32\ucrtbase.dll
0x00007ff88baf0000 - 0x00007ff88bd57000 	C:\WINDOWS\WinSxS\amd64_microsoft.windows.common-controls_6595b64144ccf1df_6.0.15063.483_none_26002d27e7c744a2\COMCTL32.dll
0x00007ff89bae0000 - 0x00007ff89bdd9000 	C:\WINDOWS\System32\combase.dll
0x00007ff899960000 - 0x00007ff8999ca000 	C:\WINDOWS\System32\bcryptPrimitives.dll
0x00007ff899ca0000 - 0x00007ff899ccd000 	C:\WINDOWS\System32\IMM32.DLL
0x0000000056b90000 - 0x0000000056c62000 	C:\Program Files\Java\jre1.8.0_144\bin\msvcr100.dll
0x0000000055b50000 - 0x00000000563ed000 	C:\Program Files\Java\jre1.8.0_144\bin\server\jvm.dll
0x00007ff899eb0000 - 0x00007ff899eb8000 	C:\WINDOWS\System32\PSAPI.DLL
0x00007ff8898f0000 - 0x00007ff8898f9000 	C:\WINDOWS\SYSTEM32\WSOCK32.dll
0x00007ff895bd0000 - 0x00007ff895bf3000 	C:\WINDOWS\SYSTEM32\WINMM.dll
0x00007ff899de0000 - 0x00007ff899e4c000 	C:\WINDOWS\System32\WS2_32.dll
0x00007ff895ba0000 - 0x00007ff895bcb000 	C:\WINDOWS\SYSTEM32\winmmbase.dll
0x00007ff898990000 - 0x00007ff8989d9000 	C:\WINDOWS\System32\cfgmgr32.dll
0x00007ff8890f0000 - 0x00007ff8890fa000 	C:\WINDOWS\SYSTEM32\VERSION.dll
0x0000000056d50000 - 0x0000000056d5f000 	C:\Program Files\Java\jre1.8.0_144\bin\verify.dll
0x0000000056d20000 - 0x0000000056d49000 	C:\Program Files\Java\jre1.8.0_144\bin\java.dll
0x0000000056d00000 - 0x0000000056d16000 	C:\Program Files\Java\jre1.8.0_144\bin\zip.dll

VM Arguments:
jvm_args: -Dfile.encoding=UTF-8 
java_command: MineSweeper
java_class_path (initial): C:\Users\Huzaifa\Eclipse Program\MineSweeper\bin
Launcher Type: SUN_STANDARD

Environment Variables:
PATH=C:/Program Files/Java/jre1.8.0_144/bin/server;C:/Program Files/Java/jre1.8.0_144/bin;C:/Program Files/Java/jre1.8.0_144/lib/amd64;C:\ProgramData\Oracle\Java\javapath;C:\WINDOWS\system32;C:\WINDOWS;C:\WINDOWS\System32\Wbem;C:\WINDOWS\System32\WindowsPowerShell\v1.0\;C:\Users\Huzaifa\AppData\Local\Microsoft\WindowsApps;;C:\Program Files\eclipse;
USERNAME=Huzaifa
OS=Windows_NT
PROCESSOR_IDENTIFIER=Intel64 Family 6 Model 69 Stepping 1, GenuineIntel



---------------  S Y S T E M  ---------------

OS: Windows 10.0 , 64 bit Build 15063 (10.0.15063.296)

CPU:total 4 (initial active 4) (2 cores per cpu, 2 threads per core) family 6 model 69 stepping 1, cmov, cx8, fxsr, mmx, sse, sse2, sse3, ssse3, sse4.1, sse4.2, popcnt, avx, avx2, aes, clmul, erms, lzcnt, ht, tsc, tscinvbit, bmi1, bmi2

Memory: 4k page, physical 4097096k(383492k free), swap 16680008k(4092k free)

vm_info: Java HotSpot(TM) 64-Bit Server VM (25.144-b01) for windows-amd64 JRE (1.8.0_144-b01), built on Jul 21 2017 21:57:33 by "java_re" with MS VC++ 10.0 (VS2010)

time: Tue Oct 24 00:35:35 2017
elapsed time: 0 seconds (0d 0h 0m 0s)

